<?xml version="1.0" encoding="UTF-8"?>
<testng-results skipped="0" failed="1" total="6" passed="5">
  <reporter-output>
  </reporter-output>
  <suite name="Default suite" duration-ms="12547" started-at="2019-03-04T11:33:35Z" finished-at="2019-03-04T11:33:47Z">
    <groups>
    </groups>
    <test name="Default test" duration-ms="12547" started-at="2019-03-04T11:33:35Z" finished-at="2019-03-04T11:33:47Z">
      <class name="TestFunctions">
        <test-method status="PASS" signature="launchBrowser()[pri:0, instance:TestFunctions@4f933fd1]" name="launchBrowser" is-config="true" duration-ms="6485" started-at="2019-03-04T17:03:35Z" finished-at="2019-03-04T17:03:41Z">
          <reporter-output>
          </reporter-output>
        </test-method> <!-- launchBrowser -->
        <test-method status="PASS" signature="gridGate()[pri:0, instance:TestFunctions@4f933fd1]" name="gridGate" duration-ms="288" started-at="2019-03-04T17:03:41Z" finished-at="2019-03-04T17:03:42Z">
          <reporter-output>
          </reporter-output>
        </test-method> <!-- gridGate -->
        <test-method status="PASS" signature="frameDungeon()[pri:0, instance:TestFunctions@4f933fd1]" name="frameDungeon" duration-ms="2285" started-at="2019-03-04T17:03:42Z" depends-on-methods="TestFunctions.gridGate" finished-at="2019-03-04T17:03:44Z">
          <reporter-output>
          </reporter-output>
        </test-method> <!-- frameDungeon -->
        <test-method status="PASS" signature="dragAround()[pri:0, instance:TestFunctions@4f933fd1]" name="dragAround" duration-ms="373" started-at="2019-03-04T17:03:44Z" depends-on-methods="TestFunctions.frameDungeon" finished-at="2019-03-04T17:03:44Z">
          <reporter-output>
          </reporter-output>
        </test-method> <!-- dragAround -->
        <test-method status="PASS" signature="launchPopupWindow()[pri:0, instance:TestFunctions@4f933fd1]" name="launchPopupWindow" duration-ms="703" started-at="2019-03-04T17:03:44Z" depends-on-methods="TestFunctions.dragAround" finished-at="2019-03-04T17:03:45Z">
          <reporter-output>
          </reporter-output>
        </test-method> <!-- launchPopupWindow -->
        <test-method status="PASS" signature="cookieHandling()[pri:0, instance:TestFunctions@4f933fd1]" name="cookieHandling" duration-ms="364" started-at="2019-03-04T17:03:45Z" depends-on-methods="TestFunctions.launchPopupWindow" finished-at="2019-03-04T17:03:45Z">
          <reporter-output>
          </reporter-output>
        </test-method> <!-- cookieHandling -->
        <test-method status="PASS" signature="terminateBrowser()[pri:0, instance:TestFunctions@4f933fd1]" name="terminateBrowser" is-config="true" duration-ms="0" started-at="2019-03-04T17:03:45Z" finished-at="2019-03-04T17:03:45Z">
          <reporter-output>
          </reporter-output>
        </test-method> <!-- terminateBrowser -->
      </class> <!-- TestFunctions -->
      <class name="Advancedtatoc">
        <test-method status="PASS" signature="launchBrowser()[pri:0, instance:Advancedtatoc@643b1d11]" name="launchBrowser" is-config="true" duration-ms="1930" started-at="2019-03-04T17:03:45Z" finished-at="2019-03-04T17:03:47Z">
          <reporter-output>
          </reporter-output>
        </test-method> <!-- launchBrowser -->
        <test-method status="FAIL" signature="hoverMenu()[pri:0, instance:Advancedtatoc@643b1d11]" name="hoverMenu" duration-ms="72" started-at="2019-03-04T17:03:47Z" finished-at="2019-03-04T17:03:47Z">
          <exception class="org.openqa.selenium.InvalidSelectorException">
            <message>
              <![CDATA[invalid selector: Compound class names not permitted
  (Session info: chrome=72.0.3626.109)
  (Driver info: chromedriver=72.0.3626.69 (3c16f8a135abc0d4da2dff33804db79b849a7c38),platform=Linux 4.15.0-45-generic x86_64) (WARNING: The server did not provide any stacktrace information)
Command duration or timeout: 0 milliseconds
For documentation on this error, please visit: https://www.seleniumhq.org/exceptions/invalid_selector_exception.html
Build info: version: '3.141.59', revision: 'e82be7d358', time: '2018-11-14T08:17:03'
System info: host: 'qainfotech-HP-Compaq-4000-Pro-SFF-PC', ip: '127.0.1.1', os.name: 'Linux', os.arch: 'amd64', os.version: '4.15.0-45-generic', java.version: '1.8.0_201'
Driver info: org.openqa.selenium.chrome.ChromeDriver
Capabilities {acceptInsecureCerts: false, acceptSslCerts: false, applicationCacheEnabled: false, browserConnectionEnabled: false, browserName: chrome, chrome: {chromedriverVersion: 72.0.3626.69 (3c16f8a135abc..., userDataDir: /tmp/.com.google.Chrome.KZSukD}, cssSelectorsEnabled: true, databaseEnabled: false, goog:chromeOptions: {debuggerAddress: localhost:40301}, handlesAlerts: true, hasTouchScreen: false, javascriptEnabled: true, locationContextEnabled: true, mobileEmulationEnabled: false, nativeEvents: true, networkConnectionEnabled: false, pageLoadStrategy: normal, platform: LINUX, platformName: LINUX, proxy: Proxy(), rotatable: false, setWindowRect: true, takesHeapSnapshot: true, takesScreenshot: true, timeouts: {implicit: 0, pageLoad: 300000, script: 30000}, unexpectedAlertBehaviour: ignore, unhandledPromptBehavior: ignore, version: 72.0.3626.109, webStorageEnabled: true}
Session ID: 4fc489d828e77ff518ca7792891cc6c6
*** Element info: {Using=class name, value=menutop m2}]]>
            </message>
            <full-stacktrace>
              <![CDATA[org.openqa.selenium.InvalidSelectorException: invalid selector: Compound class names not permitted
  (Session info: chrome=72.0.3626.109)
  (Driver info: chromedriver=72.0.3626.69 (3c16f8a135abc0d4da2dff33804db79b849a7c38),platform=Linux 4.15.0-45-generic x86_64) (WARNING: The server did not provide any stacktrace information)
Command duration or timeout: 0 milliseconds
For documentation on this error, please visit: https://www.seleniumhq.org/exceptions/invalid_selector_exception.html
Build info: version: '3.141.59', revision: 'e82be7d358', time: '2018-11-14T08:17:03'
System info: host: 'qainfotech-HP-Compaq-4000-Pro-SFF-PC', ip: '127.0.1.1', os.name: 'Linux', os.arch: 'amd64', os.version: '4.15.0-45-generic', java.version: '1.8.0_201'
Driver info: org.openqa.selenium.chrome.ChromeDriver
Capabilities {acceptInsecureCerts: false, acceptSslCerts: false, applicationCacheEnabled: false, browserConnectionEnabled: false, browserName: chrome, chrome: {chromedriverVersion: 72.0.3626.69 (3c16f8a135abc..., userDataDir: /tmp/.com.google.Chrome.KZSukD}, cssSelectorsEnabled: true, databaseEnabled: false, goog:chromeOptions: {debuggerAddress: localhost:40301}, handlesAlerts: true, hasTouchScreen: false, javascriptEnabled: true, locationContextEnabled: true, mobileEmulationEnabled: false, nativeEvents: true, networkConnectionEnabled: false, pageLoadStrategy: normal, platform: LINUX, platformName: LINUX, proxy: Proxy(), rotatable: false, setWindowRect: true, takesHeapSnapshot: true, takesScreenshot: true, timeouts: {implicit: 0, pageLoad: 300000, script: 30000}, unexpectedAlertBehaviour: ignore, unhandledPromptBehavior: ignore, version: 72.0.3626.109, webStorageEnabled: true}
Session ID: 4fc489d828e77ff518ca7792891cc6c6
*** Element info: {Using=class name, value=menutop m2}
	at sun.reflect.NativeConstructorAccessorImpl.newInstance0(Native Method)
	at sun.reflect.NativeConstructorAccessorImpl.newInstance(NativeConstructorAccessorImpl.java:62)
	at sun.reflect.DelegatingConstructorAccessorImpl.newInstance(DelegatingConstructorAccessorImpl.java:45)
	at java.lang.reflect.Constructor.newInstance(Constructor.java:423)
	at org.openqa.selenium.remote.ErrorHandler.createThrowable(ErrorHandler.java:214)
	at org.openqa.selenium.remote.ErrorHandler.throwIfResponseFailed(ErrorHandler.java:166)
	at org.openqa.selenium.remote.http.JsonHttpResponseCodec.reconstructValue(JsonHttpResponseCodec.java:40)
	at org.openqa.selenium.remote.http.AbstractHttpResponseCodec.decode(AbstractHttpResponseCodec.java:80)
	at org.openqa.selenium.remote.http.AbstractHttpResponseCodec.decode(AbstractHttpResponseCodec.java:44)
	at org.openqa.selenium.remote.HttpCommandExecutor.execute(HttpCommandExecutor.java:158)
	at org.openqa.selenium.remote.service.DriverCommandExecutor.execute(DriverCommandExecutor.java:83)
	at org.openqa.selenium.remote.RemoteWebDriver.execute(RemoteWebDriver.java:552)
	at org.openqa.selenium.remote.RemoteWebDriver.findElement(RemoteWebDriver.java:323)
	at org.openqa.selenium.remote.RemoteWebDriver.findElementByClassName(RemoteWebDriver.java:412)
	at org.openqa.selenium.By$ByClassName.findElement(By.java:389)
	at org.openqa.selenium.remote.RemoteWebDriver.findElement(RemoteWebDriver.java:315)
	at Advancedtatoc.hoverMenu(Advancedtatoc.java:29)
	at sun.reflect.NativeMethodAccessorImpl.invoke0(Native Method)
	at sun.reflect.NativeMethodAccessorImpl.invoke(NativeMethodAccessorImpl.java:62)
	at sun.reflect.DelegatingMethodAccessorImpl.invoke(DelegatingMethodAccessorImpl.java:43)
	at java.lang.reflect.Method.invoke(Method.java:498)
	at org.testng.internal.MethodInvocationHelper.invokeMethod(MethodInvocationHelper.java:80)
	at org.testng.internal.Invoker.invokeMethod(Invoker.java:714)
	at org.testng.internal.Invoker.invokeTestMethod(Invoker.java:901)
	at org.testng.internal.Invoker.invokeTestMethods(Invoker.java:1231)
	at org.testng.internal.TestMethodWorker.invokeTestMethods(TestMethodWorker.java:127)
	at org.testng.internal.TestMethodWorker.run(TestMethodWorker.java:111)
	at org.testng.TestRunner.privateRun(TestRunner.java:767)
	at org.testng.TestRunner.run(TestRunner.java:617)
	at org.testng.SuiteRunner.runTest(SuiteRunner.java:334)
	at org.testng.SuiteRunner.runSequentially(SuiteRunner.java:329)
	at org.testng.SuiteRunner.privateRun(SuiteRunner.java:291)
	at org.testng.SuiteRunner.run(SuiteRunner.java:240)
	at org.testng.SuiteRunnerWorker.runSuite(SuiteRunnerWorker.java:52)
	at org.testng.SuiteRunnerWorker.run(SuiteRunnerWorker.java:86)
	at org.testng.TestNG.runSuitesSequentially(TestNG.java:1198)
	at org.testng.TestNG.runSuitesLocally(TestNG.java:1123)
	at org.testng.TestNG.run(TestNG.java:1031)
	at org.testng.remote.AbstractRemoteTestNG.run(AbstractRemoteTestNG.java:115)
	at org.testng.remote.RemoteTestNG.initAndRun(RemoteTestNG.java:251)
	at org.testng.remote.RemoteTestNG.main(RemoteTestNG.java:77)
]]>
            </full-stacktrace>
          </exception> <!-- org.openqa.selenium.InvalidSelectorException -->
          <reporter-output>
          </reporter-output>
        </test-method> <!-- hoverMenu -->
        <test-method status="PASS" signature="terminateBrowser()[pri:0, instance:Advancedtatoc@643b1d11]" name="terminateBrowser" is-config="true" duration-ms="0" started-at="2019-03-04T17:03:47Z" finished-at="2019-03-04T17:03:47Z">
          <reporter-output>
          </reporter-output>
        </test-method> <!-- terminateBrowser -->
      </class> <!-- Advancedtatoc -->
    </test> <!-- Default test -->
  </suite> <!-- Default suite -->
</testng-results>
